<?xml version="1.0" encoding="UTF-8"?>
<!-- Generated by org.testng.reporters.JUnitXMLReporter -->
<testsuite hostname="VABW7312272" ignored="3" name="Test" tests="4" failures="4" timestamp="22 Aug 2019 13:31:41 GMT" time="14.772" errors="0">
  <testcase name="validateUserDetails" time="7.298" classname="com.application.testcases.TC02_GetUserDetails">
    <failure type="java.lang.RuntimeException">
      <![CDATA[java.lang.RuntimeException
at com.framework.utils.Reporter.reportStep(Reporter.java:47)
at com.application.testcases.TC02_GetUserDetails.validateUserDetails(TC02_GetUserDetails.java:52)
... Removed 25 stack frames]]>
    </failure>
  </testcase> <!-- validateUserDetails -->
  <testcase name="validateUserDetails" time="2.143" classname="com.application.testcases.TC02_GetUserDetails">
    <failure type="java.lang.RuntimeException">
      <![CDATA[java.lang.RuntimeException
at com.framework.utils.Reporter.reportStep(Reporter.java:47)
at com.application.testcases.TC02_GetUserDetails.validateUserDetails(TC02_GetUserDetails.java:52)
... Removed 25 stack frames]]>
    </failure>
  </testcase> <!-- validateUserDetails -->
  <testcase name="createUser" time="2.024" classname="com.application.testcases.TC01_CreateUser">
    <failure type="java.lang.RuntimeException">
      <![CDATA[java.lang.RuntimeException
at com.framework.utils.Reporter.reportStep(Reporter.java:47)
at com.application.testcases.TC01_CreateUser.createUser(TC01_CreateUser.java:49)
... Removed 25 stack frames]]>
    </failure>
  </testcase> <!-- createUser -->
  <testcase name="createUser" time="2.088" classname="com.application.testcases.TC01_CreateUser">
    <failure type="java.lang.RuntimeException">
      <![CDATA[java.lang.RuntimeException
at com.framework.utils.Reporter.reportStep(Reporter.java:47)
at com.application.testcases.TC01_CreateUser.createUser(TC01_CreateUser.java:49)
... Removed 25 stack frames]]>
    </failure>
  </testcase> <!-- createUser -->
  <testcase name="@BeforeSuite beforeSuite" time="0.0" classname="com.framework.reUsableComponents.TestNgMethods">
    <ignored/>
  </testcase> <!-- @BeforeSuite beforeSuite -->
  <testcase name="@AfterTest afterTest" time="0.0" classname="com.framework.reUsableComponents.TestNgMethods">
    <ignored/>
  </testcase> <!-- @AfterTest afterTest -->
  <testcase name="@AfterSuite afterSuite" time="0.0" classname="com.framework.reUsableComponents.TestNgMethods">
    <ignored/>
  </testcase> <!-- @AfterSuite afterSuite -->
</testsuite> <!-- Test -->
